<?xml version="1.0" encoding="UTF-8"?>
<testsuite xmlns:xsi="http://www.w3.org/2001/XMLSchema-instance" xsi:noNamespaceSchemaLocation="https://maven.apache.org/surefire/maven-surefire-plugin/xsd/surefire-test-report.xsd" version="3.0.2" name="com.dvt.loyalty.util.TimeTest" time="0.009" tests="3" errors="0" skipped="0" failures="0">
  <properties>
[...]
</properties>
  <testcase name="isWithinDays_whenInstantAfterLimit_returnsFalse" classname="com.dvt.loyalty.util.TimeTest" time="0.005"/>
  <testcase name="isWithinDays_whenInstantBeforeLimit_returnsTrue" classname="com.dvt.loyalty.util.TimeTest" time="0.001"/>
  <testcase name="isWithinDays_whenInstantIsNull_returnsFalse" classname="com.dvt.loyalty.util.TimeTest" time="0.001"/>
</testsuite>