<?xml version="1.0" encoding="UTF-8"?>
<testsuite xmlns:xsi="http://www.w3.org/2001/XMLSchema-instance" xsi:noNamespaceSchemaLocation="https://maven.apache.org/surefire/maven-surefire-plugin/xsd/surefire-test-report.xsd" version="3.0.2" name="com.dvt.loyalty.client.FxClientTest" time="0.059" tests="4" errors="0" skipped="0" failures="0">
  <properties>
[...]
</properties>
  <testcase name="quote_missingFields_failsWithUpstreamException(Vertx, VertxTestContext)" classname="com.dvt.loyalty.client.FxClientTest" time="0.015">
    <system-out><![CDATA[2026-01-30T09:11:18.356 INFO  [main] org.eclipse.jetty.server.Server - jetty-11.0.20; built: 2024-01-29T21:04:22.394Z; git: 922f8dc188f7011e60d0361de585fd4ac4d63064; jvm 21.0.8+9-LTS
2026-01-30T09:11:18.357 INFO  [main] org.eclipse.jetty.server.handler.ContextHandler - Started o.e.j.s.ServletContextHandler@1b7648f{/__admin,null,AVAILABLE}
2026-01-30T09:11:18.357 INFO  [main] org.eclipse.jetty.server.handler.ContextHandler.ROOT - RequestHandlerClass from context returned com.github.tomakehurst.wiremock.http.StubRequestHandler. Normalized mapped under returned 'null'
2026-01-30T09:11:18.357 INFO  [main] org.eclipse.jetty.server.handler.ContextHandler - Started o.e.j.s.ServletContextHandler@45c73e09{/,null,AVAILABLE}
2026-01-30T09:11:18.357 INFO  [main] org.eclipse.jetty.server.AbstractConnector - Started NetworkTrafficServerConnector@200cbb63{HTTP/1.1, (http/1.1, h2c)}{0.0.0.0:50489}
2026-01-30T09:11:18.357 INFO  [main] org.eclipse.jetty.server.Server - Started Server@24df4805{STARTING}[11.0.20,sto=1000] @3870ms
2026-01-30T09:11:18.364 INFO  [main] org.eclipse.jetty.server.Server - Stopped Server@24df4805{STOPPING}[11.0.20,sto=1000]
2026-01-30T09:11:18.365 INFO  [main] org.eclipse.jetty.server.Server - Shutdown Server@24df4805{STOPPING}[11.0.20,sto=1000]
2026-01-30T09:11:18.365 INFO  [main] org.eclipse.jetty.server.AbstractConnector - Stopped NetworkTrafficServerConnector@200cbb63{HTTP/1.1, (http/1.1, h2c)}{0.0.0.0:0}
2026-01-30T09:11:18.365 INFO  [main] org.eclipse.jetty.server.handler.ContextHandler - Stopped o.e.j.s.ServletContextHandler@45c73e09{/,null,STOPPED}
2026-01-30T09:11:18.365 INFO  [main] org.eclipse.jetty.server.handler.ContextHandler - Stopped o.e.j.s.ServletContextHandler@1b7648f{/__admin,null,STOPPED}
]]></system-out>
  </testcase>
  <testcase name="quote_non200_failsWithUpstreamException(Vertx, VertxTestContext)" classname="com.dvt.loyalty.client.FxClientTest" time="0.015">
    <system-out><![CDATA[2026-01-30T09:11:18.371 INFO  [main] org.eclipse.jetty.server.Server - jetty-11.0.20; built: 2024-01-29T21:04:22.394Z; git: 922f8dc188f7011e60d0361de585fd4ac4d63064; jvm 21.0.8+9-LTS
2026-01-30T09:11:18.372 INFO  [main] org.eclipse.jetty.server.handler.ContextHandler - Started o.e.j.s.ServletContextHandler@254a9f65{/__admin,null,AVAILABLE}
2026-01-30T09:11:18.372 INFO  [main] org.eclipse.jetty.server.handler.ContextHandler.ROOT - RequestHandlerClass from context returned com.github.tomakehurst.wiremock.http.StubRequestHandler. Normalized mapped under returned 'null'
2026-01-30T09:11:18.372 INFO  [main] org.eclipse.jetty.server.handler.ContextHandler - Started o.e.j.s.ServletContextHandler@2f1d2384{/,null,AVAILABLE}
2026-01-30T09:11:18.373 INFO  [main] org.eclipse.jetty.server.AbstractConnector - Started NetworkTrafficServerConnector@1bb21ec1{HTTP/1.1, (http/1.1, h2c)}{0.0.0.0:50491}
2026-01-30T09:11:18.373 INFO  [main] org.eclipse.jetty.server.Server - Started Server@4ee41c66{STARTING}[11.0.20,sto=1000] @3885ms
2026-01-30T09:11:18.379 INFO  [main] org.eclipse.jetty.server.Server - Stopped Server@4ee41c66{STOPPING}[11.0.20,sto=1000]
2026-01-30T09:11:18.379 INFO  [main] org.eclipse.jetty.server.Server - Shutdown Server@4ee41c66{STOPPING}[11.0.20,sto=1000]
2026-01-30T09:11:18.380 INFO  [main] org.eclipse.jetty.server.AbstractConnector - Stopped NetworkTrafficServerConnector@1bb21ec1{HTTP/1.1, (http/1.1, h2c)}{0.0.0.0:0}
2026-01-30T09:11:18.380 INFO  [main] org.eclipse.jetty.server.handler.ContextHandler - Stopped o.e.j.s.ServletContextHandler@2f1d2384{/,null,STOPPED}
2026-01-30T09:11:18.380 INFO  [main] org.eclipse.jetty.server.handler.ContextHandler - Stopped o.e.j.s.ServletContextHandler@254a9f65{/__admin,null,STOPPED}
]]></system-out>
  </testcase>
  <testcase name="quote_invalidJson_failsWithUpstreamException(Vertx, VertxTestContext)" classname="com.dvt.loyalty.client.FxClientTest" time="0.015">
    <system-out><![CDATA[2026-01-30T09:11:18.386 INFO  [main] org.eclipse.jetty.server.Server - jetty-11.0.20; built: 2024-01-29T21:04:22.394Z; git: 922f8dc188f7011e60d0361de585fd4ac4d63064; jvm 21.0.8+9-LTS
2026-01-30T09:11:18.387 INFO  [main] org.eclipse.jetty.server.handler.ContextHandler - Started o.e.j.s.ServletContextHandler@399ac1a3{/__admin,null,AVAILABLE}
2026-01-30T09:11:18.387 INFO  [main] org.eclipse.jetty.server.handler.ContextHandler.ROOT - RequestHandlerClass from context returned com.github.tomakehurst.wiremock.http.StubRequestHandler. Normalized mapped under returned 'null'
2026-01-30T09:11:18.387 INFO  [main] org.eclipse.jetty.server.handler.ContextHandler - Started o.e.j.s.ServletContextHandler@5d18a787{/,null,AVAILABLE}
2026-01-30T09:11:18.387 INFO  [main] org.eclipse.jetty.server.AbstractConnector - Started NetworkTrafficServerConnector@3c5797c6{HTTP/1.1, (http/1.1, h2c)}{0.0.0.0:50493}
2026-01-30T09:11:18.387 INFO  [main] org.eclipse.jetty.server.Server - Started Server@6b862f17{STARTING}[11.0.20,sto=1000] @3900ms
2026-01-30T09:11:18.395 INFO  [main] org.eclipse.jetty.server.Server - Stopped Server@6b862f17{STOPPING}[11.0.20,sto=1000]
2026-01-30T09:11:18.395 INFO  [main] org.eclipse.jetty.server.Server - Shutdown Server@6b862f17{STOPPING}[11.0.20,sto=1000]
2026-01-30T09:11:18.395 INFO  [main] org.eclipse.jetty.server.AbstractConnector - Stopped NetworkTrafficServerConnector@3c5797c6{HTTP/1.1, (http/1.1, h2c)}{0.0.0.0:0}
2026-01-30T09:11:18.395 INFO  [main] org.eclipse.jetty.server.handler.ContextHandler - Stopped o.e.j.s.ServletContextHandler@5d18a787{/,null,STOPPED}
2026-01-30T09:11:18.395 INFO  [main] org.eclipse.jetty.server.handler.ContextHandler - Stopped o.e.j.s.ServletContextHandler@399ac1a3{/__admin,null,STOPPED}
]]></system-out>
  </testcase>
  <testcase name="quote_success_parsesResponse(Vertx, VertxTestContext)" classname="com.dvt.loyalty.client.FxClientTest" time="0.014">
    <system-out><![CDATA[2026-01-30T09:11:18.400 INFO  [main] org.eclipse.jetty.server.Server - jetty-11.0.20; built: 2024-01-29T21:04:22.394Z; git: 922f8dc188f7011e60d0361de585fd4ac4d63064; jvm 21.0.8+9-LTS
2026-01-30T09:11:18.401 INFO  [main] org.eclipse.jetty.server.handler.ContextHandler - Started o.e.j.s.ServletContextHandler@70c3c5d7{/__admin,null,AVAILABLE}
2026-01-30T09:11:18.401 INFO  [main] org.eclipse.jetty.server.handler.ContextHandler.ROOT - RequestHandlerClass from context returned com.github.tomakehurst.wiremock.http.StubRequestHandler. Normalized mapped under returned 'null'
2026-01-30T09:11:18.401 INFO  [main] org.eclipse.jetty.server.handler.ContextHandler - Started o.e.j.s.ServletContextHandler@236e6563{/,null,AVAILABLE}
2026-01-30T09:11:18.401 INFO  [main] org.eclipse.jetty.server.AbstractConnector - Started NetworkTrafficServerConnector@4b548913{HTTP/1.1, (http/1.1, h2c)}{0.0.0.0:50495}
2026-01-30T09:11:18.402 INFO  [main] org.eclipse.jetty.server.Server - Started Server@72259917{STARTING}[11.0.20,sto=1000] @3914ms
2026-01-30T09:11:18.409 INFO  [main] org.eclipse.jetty.server.Server - Stopped Server@72259917{STOPPING}[11.0.20,sto=1000]
2026-01-30T09:11:18.409 INFO  [main] org.eclipse.jetty.server.Server - Shutdown Server@72259917{STOPPING}[11.0.20,sto=1000]
2026-01-30T09:11:18.409 INFO  [main] org.eclipse.jetty.server.AbstractConnector - Stopped NetworkTrafficServerConnector@4b548913{HTTP/1.1, (http/1.1, h2c)}{0.0.0.0:0}
2026-01-30T09:11:18.409 INFO  [main] org.eclipse.jetty.server.handler.ContextHandler - Stopped o.e.j.s.ServletContextHandler@236e6563{/,null,STOPPED}
2026-01-30T09:11:18.409 INFO  [main] org.eclipse.jetty.server.handler.ContextHandler - Stopped o.e.j.s.ServletContextHandler@70c3c5d7{/__admin,null,STOPPED}
]]></system-out>
  </testcase>
</testsuite>